Active-HDL 11.1.262.7351 2020-12-16 20:07:51

Elaboration top modules:
Architecture                  lab3(lab3)


-----------------------------------------------------------------------------------------
Entity   | Architecture | Library | Info | Compiler Version        | Compilation Options
-----------------------------------------------------------------------------------------
lab3     | lab3         | lab3    |      | 11.1.262.7351 (Windows) | -O3
Fub1     | example      | lab3    |      | 11.1.262.7351 (Windows) | -O3
-----------------------------------------------------------------------------------------

-----------------------------------------------------------------------------------------
VHDL Package            | Library | Info | Compiler Version        | Compilation Options
-----------------------------------------------------------------------------------------
standard                | std     |      |                         | <unavailable>
TEXTIO                  | std     |      |                         | <unavailable>
std_logic_1164          | ieee    |      |                         | <unavailable>
NUMERIC_STD             | ieee    |      |                         | <unavailable>
-----------------------------------------------------------------------------------------

-----------------------------------------------------------------------------------------
Library                 | Comment
-----------------------------------------------------------------------------------------
ieee                    | Standard IEEE packages library
lab3                    | None
std                     | Standard VHDL library
-----------------------------------------------------------------------------------------
