Active-HDL 11.1.262.7351 2020-12-16 20:08:39

Elaboration top modules:
Architecture                  lab2(lab2)


--------------------------------------------------------------------------------------------
Entity      | Architecture | Library | Info | Compiler Version        | Compilation Options
--------------------------------------------------------------------------------------------
lab2        | lab2         | lab2    |      | 11.1.262.7351 (Windows) | -O3
comutator   | commutator   | lab2    |      | 11.1.262.7351 (Windows) | -O3
OR2Bit      | ORFor2Bit    | lab2    |      | 11.1.262.7351 (Windows) | -O3
comparator2 | comparator2  | lab2    |      | 11.1.262.7351 (Windows) | -O3
commutator3 | commutator3  | lab2    |      | 11.1.262.7351 (Windows) | -O3
--------------------------------------------------------------------------------------------

--------------------------------------------------------------------------------------------
VHDL Package               | Library | Info | Compiler Version        | Compilation Options
--------------------------------------------------------------------------------------------
standard                   | std     |      |                         | <unavailable>
TEXTIO                     | std     |      |                         | <unavailable>
std_logic_1164             | ieee    |      |                         | <unavailable>
--------------------------------------------------------------------------------------------

--------------------------------------------------------------------------------------------
Library                    | Comment
--------------------------------------------------------------------------------------------
ieee                       | Standard IEEE packages library
lab2                       | None
std                        | Standard VHDL library
--------------------------------------------------------------------------------------------
