Active-HDL 11.1.262.7351 2020-12-12 21:46:17

Elaboration top modules:
Architecture                  main(main)


-----------------------------------------------------------------------------------------
Entity   | Architecture | Library | Info | Compiler Version        | Compilation Options
-----------------------------------------------------------------------------------------
main     | main         | lab1    |      | 11.1.262.7351 (Windows) | -O3
-----------------------------------------------------------------------------------------

-----------------------------------------------------------------------------------------
VHDL Package            | Library | Info | Compiler Version        | Compilation Options
-----------------------------------------------------------------------------------------
standard                | std     |      |                         | <unavailable>
TEXTIO                  | std     |      |                         | <unavailable>
std_logic_1164          | ieee    |      |                         | <unavailable>
-----------------------------------------------------------------------------------------

-----------------------------------------------------------------------------------------
Library                 | Comment
-----------------------------------------------------------------------------------------
ieee                    | Standard IEEE packages library
lab1                    | None
std                     | Standard VHDL library
-----------------------------------------------------------------------------------------
